[debug] [2021-03-30T08:15:43.081Z] ----------------------------------------------------------------------
[debug] [2021-03-30T08:15:43.083Z] Command:       /usr/local/bin/node /usr/local/bin/firebase emulators:start
[debug] [2021-03-30T08:15:43.083Z] CLI Version:   9.7.0
[debug] [2021-03-30T08:15:43.083Z] Platform:      darwin
[debug] [2021-03-30T08:15:43.083Z] Node Version:  v12.16.3
[debug] [2021-03-30T08:15:43.084Z] Time:          Tue Mar 30 2021 17:15:43 GMT+0900 (GMT+09:00)
[debug] [2021-03-30T08:15:43.085Z] ----------------------------------------------------------------------
[debug] 
[debug] [2021-03-30T08:15:43.095Z] > command requires scopes: ["email","openid","https://www.googleapis.com/auth/cloudplatformprojects.readonly","https://www.googleapis.com/auth/firebase","https://www.googleapis.com/auth/cloud-platform"]
[debug] [2021-03-30T08:15:43.096Z] > authorizing via signed-in user
[info] i  emulators: Starting emulators: functions, hosting {"metadata":{"emulator":{"name":"hub"},"message":"Starting emulators: functions, hosting"}}
[debug] [2021-03-30T08:15:43.114Z] [hub] writing locator at /var/folders/bg/ymlsh58n12sf956fvps20p580000gp/T/hub-clone-bc826.json
[warn] ⚠  functions: The following emulators are not running, calls to these services from the Functions emulator will affect production: auth, firestore, database, pubsub {"metadata":{"emulator":{"name":"functions"},"message":"The following emulators are not running, calls to these services from the Functions emulator will affect production: \u001b[1mauth, firestore, database, pubsub\u001b[22m"}}
[info] ✔  functions: Using node@12 from host. {"metadata":{"emulator":{"name":"functions"},"message":"Using node@12 from host."}}
[debug] [2021-03-30T08:15:43.154Z] defaultcredentials: writing to file /Users/heavenvoice/.config/firebase/canleez123_gmail_com_application_default_credentials.json
[debug] [2021-03-30T08:15:43.158Z] Setting GAC to /Users/heavenvoice/.config/firebase/canleez123_gmail_com_application_default_credentials.json {"metadata":{"emulator":{"name":"functions"},"message":"Setting GAC to /Users/heavenvoice/.config/firebase/canleez123_gmail_com_application_default_credentials.json"}}
[debug] [2021-03-30T08:15:43.160Z] >>> [apiv2][query] GET https://firebase.googleapis.com/v1beta1/projects/clone-bc826/adminSdkConfig [none]
[debug] [2021-03-30T08:15:44.156Z] <<< [apiv2][status] GET https://firebase.googleapis.com/v1beta1/projects/clone-bc826/adminSdkConfig 200
[debug] [2021-03-30T08:15:44.156Z] <<< [apiv2][body] GET https://firebase.googleapis.com/v1beta1/projects/clone-bc826/adminSdkConfig {"projectId":"clone-bc826","storageBucket":"clone-bc826.appspot.com","locationId":"asia-east2"}
[debug] [2021-03-30T08:15:44.432Z] >>> [apiv2][query] GET https://firebase.googleapis.com/v1beta1/projects/clone-bc826/webApps/-/config [none]
[debug] [2021-03-30T08:15:45.859Z] <<< [apiv2][status] GET https://firebase.googleapis.com/v1beta1/projects/clone-bc826/webApps/-/config 200
[debug] [2021-03-30T08:15:45.859Z] <<< [apiv2][body] GET https://firebase.googleapis.com/v1beta1/projects/clone-bc826/webApps/-/config {"projectId":"clone-bc826","appId":"1:1053476447527:web:d9180a21cd0355468df502","storageBucket":"clone-bc826.appspot.com","locationId":"asia-east2","apiKey":"AIzaSyCwX7hhzIhjdz0t8CyFgToc2WVOeZLHj1c","authDomain":"clone-bc826.firebaseapp.com","messagingSenderId":"1053476447527","measurementId":"G-YF0BH9TCD5"}
[info] i  hosting: Serving hosting files from: build {"metadata":{"emulator":{"name":"hosting"},"message":"Serving hosting files from: \u001b[1mbuild\u001b[22m"}}
[info] ✔  hosting: Local server: http://localhost:5000 {"metadata":{"emulator":{"name":"hosting"},"message":"Local server: \u001b[4m\u001b[1mhttp://localhost:5000\u001b[22m\u001b[24m"}}
[warn] ⚠  ui: Emulator UI unable to start on port 4000, starting on 4001 instead. {"metadata":{"emulator":{"name":"ui"},"message":"Emulator UI unable to start on port 4000, starting on 4001 instead."}}
[debug] [2021-03-30T08:15:46.194Z] Ignoring unsupported arg: auto_download {"metadata":{"emulator":{"name":"ui"},"message":"Ignoring unsupported arg: auto_download"}}
[debug] [2021-03-30T08:15:46.195Z] Ignoring unsupported arg: port {"metadata":{"emulator":{"name":"ui"},"message":"Ignoring unsupported arg: port"}}
[debug] [2021-03-30T08:15:46.195Z] Starting Emulator UI with command {"binary":"node","args":["/Users/heavenvoice/.cache/firebase/emulators/ui-v1.4.2/server.bundle.js"],"optionalArgs":[],"joinArgs":false} {"metadata":{"emulator":{"name":"ui"},"message":"Starting Emulator UI with command {\"binary\":\"node\",\"args\":[\"/Users/heavenvoice/.cache/firebase/emulators/ui-v1.4.2/server.bundle.js\"],\"optionalArgs\":[],\"joinArgs\":false}"}}
[info] i  ui: Emulator UI logging to ui-debug.log {"metadata":{"emulator":{"name":"ui"},"message":"Emulator UI logging to \u001b[1mui-debug.log\u001b[22m"}}
[debug] [2021-03-30T08:15:46.332Z] Web / API server started at http://localhost:4001
 {"metadata":{"emulator":{"name":"ui"},"message":"Web / API server started at http://localhost:4001\n"}}
[info] i  functions: Watching "/Users/heavenvoice/Desktop/clone/functions" for Cloud Functions... {"metadata":{"emulator":{"name":"functions"},"message":"Watching \"/Users/heavenvoice/Desktop/clone/functions\" for Cloud Functions..."}}
[debug] [2021-03-30T08:15:46.472Z] [worker-pool] addWorker(~diagnostic~) {"metadata":{"emulator":{"name":"functions"},"message":"[worker-pool] addWorker(~diagnostic~)"}}
[debug] [2021-03-30T08:15:46.472Z] [worker-pool] Adding worker with key ~diagnostic~, total=1 {"metadata":{"emulator":{"name":"functions"},"message":"[worker-pool] Adding worker with key ~diagnostic~, total=1"}}
[debug] [2021-03-30T08:15:46.472Z] [worker-pool] submitWork(triggerId=) {"metadata":{"emulator":{"name":"functions"},"message":"[worker-pool] submitWork(triggerId=)"}}
[debug] [2021-03-30T08:15:46.472Z] [worker-~diagnostic~-05e50a82-db8a-4c0d-8a0f-a645b2b1f6c8]: Assigning socketPath: /var/folders/bg/ymlsh58n12sf956fvps20p580000gp/T/fire_emu_30973.sock {"metadata":{"emulator":{"name":"functions"},"message":"[worker-~diagnostic~-05e50a82-db8a-4c0d-8a0f-a645b2b1f6c8]: Assigning socketPath: /var/folders/bg/ymlsh58n12sf956fvps20p580000gp/T/fire_emu_30973.sock"}}
[debug] [2021-03-30T08:15:46.473Z] [worker-~diagnostic~-05e50a82-db8a-4c0d-8a0f-a645b2b1f6c8]: BUSY {"metadata":{"emulator":{"name":"functions"},"message":"[worker-~diagnostic~-05e50a82-db8a-4c0d-8a0f-a645b2b1f6c8]: BUSY"}}
[debug] [2021-03-30T08:15:46.682Z] [runtime-status] [30973] Functions runtime initialized. {"cwd":"/Users/heavenvoice/Desktop/clone/functions","node_version":"12.16.3"} {"metadata":{"emulator":{"name":"functions"},"message":"[runtime-status] [30973] Functions runtime initialized. {\"cwd\":\"/Users/heavenvoice/Desktop/clone/functions\",\"node_version\":\"12.16.3\"}"}}
[debug] [2021-03-30T08:15:46.683Z] [runtime-status] [30973] Disabled runtime features: undefined {"metadata":{"emulator":{"name":"functions"},"message":"[runtime-status] [30973] Disabled runtime features: undefined"}}
[debug] [2021-03-30T08:15:46.688Z] [runtime-status] [30973] Resolved module firebase-admin {"declared":true,"installed":true,"version":"9.5.0","resolution":"/Users/heavenvoice/Desktop/clone/functions/node_modules/firebase-admin/lib/index.js"} {"metadata":{"emulator":{"name":"functions"},"message":"[runtime-status] [30973] Resolved module firebase-admin {\"declared\":true,\"installed\":true,\"version\":\"9.5.0\",\"resolution\":\"/Users/heavenvoice/Desktop/clone/functions/node_modules/firebase-admin/lib/index.js\"}"}}
[debug] [2021-03-30T08:15:46.691Z] [runtime-status] [30973] Resolved module firebase-functions {"declared":true,"installed":true,"version":"3.13.2","resolution":"/Users/heavenvoice/Desktop/clone/functions/node_modules/firebase-functions/lib/index.js"} {"metadata":{"emulator":{"name":"functions"},"message":"[runtime-status] [30973] Resolved module firebase-functions {\"declared\":true,\"installed\":true,\"version\":\"3.13.2\",\"resolution\":\"/Users/heavenvoice/Desktop/clone/functions/node_modules/firebase-functions/lib/index.js\"}"}}
[debug] [2021-03-30T08:15:46.692Z] [runtime-status] [30973] Resolved module firebase-functions {"declared":true,"installed":true,"version":"3.13.2","resolution":"/Users/heavenvoice/Desktop/clone/functions/node_modules/firebase-functions/lib/index.js"} {"metadata":{"emulator":{"name":"functions"},"message":"[runtime-status] [30973] Resolved module firebase-functions {\"declared\":true,\"installed\":true,\"version\":\"3.13.2\",\"resolution\":\"/Users/heavenvoice/Desktop/clone/functions/node_modules/firebase-functions/lib/index.js\"}"}}
[debug] [2021-03-30T08:15:46.697Z] [runtime-status] [30973] Outgoing network have been stubbed. [{"name":"http","status":"mocked"},{"name":"http","status":"mocked"},{"name":"https","status":"mocked"},{"name":"https","status":"mocked"},{"name":"net","status":"mocked"}] {"metadata":{"emulator":{"name":"functions"},"message":"[runtime-status] [30973] Outgoing network have been stubbed. [{\"name\":\"http\",\"status\":\"mocked\"},{\"name\":\"http\",\"status\":\"mocked\"},{\"name\":\"https\",\"status\":\"mocked\"},{\"name\":\"https\",\"status\":\"mocked\"},{\"name\":\"net\",\"status\":\"mocked\"}]"}}
[debug] [2021-03-30T08:15:46.698Z] [runtime-status] [30973] Resolved module firebase-functions {"declared":true,"installed":true,"version":"3.13.2","resolution":"/Users/heavenvoice/Desktop/clone/functions/node_modules/firebase-functions/lib/index.js"} {"metadata":{"emulator":{"name":"functions"},"message":"[runtime-status] [30973] Resolved module firebase-functions {\"declared\":true,\"installed\":true,\"version\":\"3.13.2\",\"resolution\":\"/Users/heavenvoice/Desktop/clone/functions/node_modules/firebase-functions/lib/index.js\"}"}}
[debug] [2021-03-30T08:15:46.784Z] [runtime-status] [30973] Checked functions.config() {"config":{}} {"metadata":{"emulator":{"name":"functions"},"message":"[runtime-status] [30973] Checked functions.config() {\"config\":{}}"}}
[debug] [2021-03-30T08:15:46.784Z] [runtime-status] [30973] firebase-functions has been stubbed. {"functionsResolution":{"declared":true,"installed":true,"version":"3.13.2","resolution":"/Users/heavenvoice/Desktop/clone/functions/node_modules/firebase-functions/lib/index.js"}} {"metadata":{"emulator":{"name":"functions"},"message":"[runtime-status] [30973] firebase-functions has been stubbed. {\"functionsResolution\":{\"declared\":true,\"installed\":true,\"version\":\"3.13.2\",\"resolution\":\"/Users/heavenvoice/Desktop/clone/functions/node_modules/firebase-functions/lib/index.js\"}}"}}
[debug] [2021-03-30T08:15:46.785Z] [runtime-status] [30973] Resolved module firebase-functions {"declared":true,"installed":true,"version":"3.13.2","resolution":"/Users/heavenvoice/Desktop/clone/functions/node_modules/firebase-functions/lib/index.js"} {"metadata":{"emulator":{"name":"functions"},"message":"[runtime-status] [30973] Resolved module firebase-functions {\"declared\":true,\"installed\":true,\"version\":\"3.13.2\",\"resolution\":\"/Users/heavenvoice/Desktop/clone/functions/node_modules/firebase-functions/lib/index.js\"}"}}
[debug] [2021-03-30T08:15:46.786Z] [runtime-status] [30973] Resolved module firebase-admin {"declared":true,"installed":true,"version":"9.5.0","resolution":"/Users/heavenvoice/Desktop/clone/functions/node_modules/firebase-admin/lib/index.js"} {"metadata":{"emulator":{"name":"functions"},"message":"[runtime-status] [30973] Resolved module firebase-admin {\"declared\":true,\"installed\":true,\"version\":\"9.5.0\",\"resolution\":\"/Users/heavenvoice/Desktop/clone/functions/node_modules/firebase-admin/lib/index.js\"}"}}
[debug] [2021-03-30T08:15:46.787Z] [runtime-status] [30973] Resolved module firebase-functions {"declared":true,"installed":true,"version":"3.13.2","resolution":"/Users/heavenvoice/Desktop/clone/functions/node_modules/firebase-functions/lib/index.js"} {"metadata":{"emulator":{"name":"functions"},"message":"[runtime-status] [30973] Resolved module firebase-functions {\"declared\":true,\"installed\":true,\"version\":\"3.13.2\",\"resolution\":\"/Users/heavenvoice/Desktop/clone/functions/node_modules/firebase-functions/lib/index.js\"}"}}
[debug] [2021-03-30T08:15:46.787Z] [runtime-status] [30973] firebase-admin has been stubbed. {"adminResolution":{"declared":true,"installed":true,"version":"9.5.0","resolution":"/Users/heavenvoice/Desktop/clone/functions/node_modules/firebase-admin/lib/index.js"}} {"metadata":{"emulator":{"name":"functions"},"message":"[runtime-status] [30973] firebase-admin has been stubbed. {\"adminResolution\":{\"declared\":true,\"installed\":true,\"version\":\"9.5.0\",\"resolution\":\"/Users/heavenvoice/Desktop/clone/functions/node_modules/firebase-admin/lib/index.js\"}}"}}
[info] ✔  functions[api]: http function initialized (http://localhost:5001/clone-bc826/us-central1/api). {"metadata":{"emulator":{"name":"functions"},"message":"\u001b[1mhttp\u001b[22m function initialized (http://localhost:5001/clone-bc826/us-central1/api)."}}
[info] 
┌─────────────────────────────────────────────────────────────┐
│ ✔  All emulators ready! It is now safe to connect your app. │
│ i  View Emulator UI at http://localhost:4001                │
└─────────────────────────────────────────────────────────────┘

┌───────────┬────────────────┬─────────────────────────────────┐
│ Emulator  │ Host:Port      │ View in Emulator UI             │
├───────────┼────────────────┼─────────────────────────────────┤
│ Functions │ localhost:5001 │ http://localhost:4001/functions │
├───────────┼────────────────┼─────────────────────────────────┤
│ Hosting   │ localhost:5000 │ n/a                             │
└───────────┴────────────────┴─────────────────────────────────┘
  Emulator Hub running at localhost:4400
  Other reserved ports: 4500

Issues? Report them at https://github.com/firebase/firebase-tools/issues and attach the *-debug.log files.
 
[debug] [2021-03-30T08:15:47.073Z] [worker-~diagnostic~-05e50a82-db8a-4c0d-8a0f-a645b2b1f6c8]: IDLE {"metadata":{"emulator":{"name":"functions"},"message":"[worker-~diagnostic~-05e50a82-db8a-4c0d-8a0f-a645b2b1f6c8]: IDLE"}}
[debug] [2021-03-30T08:16:07.793Z] [work-queue] {"queueLength":1,"workRunningCount":0}
[debug] [2021-03-30T08:16:07.794Z] [work-queue] {"queueLength":0,"workRunningCount":1}
[debug] [2021-03-30T08:16:07.794Z] Accepted request POST /clone-bc826/us-central1/api/payments/create?total=149500 --> api
[debug] [2021-03-30T08:16:07.815Z] [worker-pool] addWorker(api) {"metadata":{"emulator":{"name":"functions"},"message":"[worker-pool] addWorker(api)"}}
[debug] [2021-03-30T08:16:07.815Z] [worker-pool] Adding worker with key api, total=1 {"metadata":{"emulator":{"name":"functions"},"message":"[worker-pool] Adding worker with key api, total=1"}}
[debug] [2021-03-30T08:16:07.815Z] [worker-pool] submitWork(triggerId=api) {"metadata":{"emulator":{"name":"functions"},"message":"[worker-pool] submitWork(triggerId=api)"}}
[debug] [2021-03-30T08:16:07.815Z] [worker-api-952800a5-ba35-41b7-993c-23ef07214acd]: Assigning socketPath: /var/folders/bg/ymlsh58n12sf956fvps20p580000gp/T/fire_emu_30976.sock {"metadata":{"emulator":{"name":"functions"},"message":"[worker-api-952800a5-ba35-41b7-993c-23ef07214acd]: Assigning socketPath: /var/folders/bg/ymlsh58n12sf956fvps20p580000gp/T/fire_emu_30976.sock"}}
[debug] [2021-03-30T08:16:07.816Z] [worker-api-952800a5-ba35-41b7-993c-23ef07214acd]: BUSY {"metadata":{"emulator":{"name":"functions"},"message":"[worker-api-952800a5-ba35-41b7-993c-23ef07214acd]: BUSY"}}
[debug] [2021-03-30T08:16:08.217Z] [runtime-status] [30976] Functions runtime initialized. {"cwd":"/Users/heavenvoice/Desktop/clone/functions","node_version":"12.16.3"} {"metadata":{"emulator":{"name":"functions"},"function":{"name":"api"},"message":"[runtime-status] [30976] Functions runtime initialized. {\"cwd\":\"/Users/heavenvoice/Desktop/clone/functions\",\"node_version\":\"12.16.3\"}"}}
[debug] [2021-03-30T08:16:08.219Z] [runtime-status] [30976] Disabled runtime features: undefined {"metadata":{"emulator":{"name":"functions"},"function":{"name":"api"},"message":"[runtime-status] [30976] Disabled runtime features: undefined"}}
[debug] [2021-03-30T08:16:08.297Z] [runtime-status] [30976] Resolved module firebase-admin {"declared":true,"installed":true,"version":"9.5.0","resolution":"/Users/heavenvoice/Desktop/clone/functions/node_modules/firebase-admin/lib/index.js"} {"metadata":{"emulator":{"name":"functions"},"function":{"name":"api"},"message":"[runtime-status] [30976] Resolved module firebase-admin {\"declared\":true,\"installed\":true,\"version\":\"9.5.0\",\"resolution\":\"/Users/heavenvoice/Desktop/clone/functions/node_modules/firebase-admin/lib/index.js\"}"}}
[debug] [2021-03-30T08:16:08.299Z] [runtime-status] [30976] Resolved module firebase-functions {"declared":true,"installed":true,"version":"3.13.2","resolution":"/Users/heavenvoice/Desktop/clone/functions/node_modules/firebase-functions/lib/index.js"} {"metadata":{"emulator":{"name":"functions"},"function":{"name":"api"},"message":"[runtime-status] [30976] Resolved module firebase-functions {\"declared\":true,\"installed\":true,\"version\":\"3.13.2\",\"resolution\":\"/Users/heavenvoice/Desktop/clone/functions/node_modules/firebase-functions/lib/index.js\"}"}}
[debug] [2021-03-30T08:16:08.301Z] [runtime-status] [30976] Resolved module firebase-functions {"declared":true,"installed":true,"version":"3.13.2","resolution":"/Users/heavenvoice/Desktop/clone/functions/node_modules/firebase-functions/lib/index.js"} {"metadata":{"emulator":{"name":"functions"},"function":{"name":"api"},"message":"[runtime-status] [30976] Resolved module firebase-functions {\"declared\":true,\"installed\":true,\"version\":\"3.13.2\",\"resolution\":\"/Users/heavenvoice/Desktop/clone/functions/node_modules/firebase-functions/lib/index.js\"}"}}
[debug] [2021-03-30T08:16:08.309Z] [runtime-status] [30976] Outgoing network have been stubbed. [{"name":"http","status":"mocked"},{"name":"http","status":"mocked"},{"name":"https","status":"mocked"},{"name":"https","status":"mocked"},{"name":"net","status":"mocked"}] {"metadata":{"emulator":{"name":"functions"},"function":{"name":"api"},"message":"[runtime-status] [30976] Outgoing network have been stubbed. [{\"name\":\"http\",\"status\":\"mocked\"},{\"name\":\"http\",\"status\":\"mocked\"},{\"name\":\"https\",\"status\":\"mocked\"},{\"name\":\"https\",\"status\":\"mocked\"},{\"name\":\"net\",\"status\":\"mocked\"}]"}}
[debug] [2021-03-30T08:16:08.310Z] [runtime-status] [30976] Resolved module firebase-functions {"declared":true,"installed":true,"version":"3.13.2","resolution":"/Users/heavenvoice/Desktop/clone/functions/node_modules/firebase-functions/lib/index.js"} {"metadata":{"emulator":{"name":"functions"},"function":{"name":"api"},"message":"[runtime-status] [30976] Resolved module firebase-functions {\"declared\":true,\"installed\":true,\"version\":\"3.13.2\",\"resolution\":\"/Users/heavenvoice/Desktop/clone/functions/node_modules/firebase-functions/lib/index.js\"}"}}
[debug] [2021-03-30T08:16:08.535Z] [runtime-status] [30976] Checked functions.config() {"config":{}} {"metadata":{"emulator":{"name":"functions"},"function":{"name":"api"},"message":"[runtime-status] [30976] Checked functions.config() {\"config\":{}}"}}
[debug] [2021-03-30T08:16:08.536Z] [runtime-status] [30976] firebase-functions has been stubbed. {"functionsResolution":{"declared":true,"installed":true,"version":"3.13.2","resolution":"/Users/heavenvoice/Desktop/clone/functions/node_modules/firebase-functions/lib/index.js"}} {"metadata":{"emulator":{"name":"functions"},"function":{"name":"api"},"message":"[runtime-status] [30976] firebase-functions has been stubbed. {\"functionsResolution\":{\"declared\":true,\"installed\":true,\"version\":\"3.13.2\",\"resolution\":\"/Users/heavenvoice/Desktop/clone/functions/node_modules/firebase-functions/lib/index.js\"}}"}}
[debug] [2021-03-30T08:16:08.537Z] [runtime-status] [30976] Resolved module firebase-functions {"declared":true,"installed":true,"version":"3.13.2","resolution":"/Users/heavenvoice/Desktop/clone/functions/node_modules/firebase-functions/lib/index.js"} {"metadata":{"emulator":{"name":"functions"},"function":{"name":"api"},"message":"[runtime-status] [30976] Resolved module firebase-functions {\"declared\":true,\"installed\":true,\"version\":\"3.13.2\",\"resolution\":\"/Users/heavenvoice/Desktop/clone/functions/node_modules/firebase-functions/lib/index.js\"}"}}
[debug] [2021-03-30T08:16:08.549Z] [runtime-status] [30976] Resolved module firebase-admin {"declared":true,"installed":true,"version":"9.5.0","resolution":"/Users/heavenvoice/Desktop/clone/functions/node_modules/firebase-admin/lib/index.js"} {"metadata":{"emulator":{"name":"functions"},"function":{"name":"api"},"message":"[runtime-status] [30976] Resolved module firebase-admin {\"declared\":true,\"installed\":true,\"version\":\"9.5.0\",\"resolution\":\"/Users/heavenvoice/Desktop/clone/functions/node_modules/firebase-admin/lib/index.js\"}"}}
[debug] [2021-03-30T08:16:08.552Z] [runtime-status] [30976] Resolved module firebase-functions {"declared":true,"installed":true,"version":"3.13.2","resolution":"/Users/heavenvoice/Desktop/clone/functions/node_modules/firebase-functions/lib/index.js"} {"metadata":{"emulator":{"name":"functions"},"function":{"name":"api"},"message":"[runtime-status] [30976] Resolved module firebase-functions {\"declared\":true,\"installed\":true,\"version\":\"3.13.2\",\"resolution\":\"/Users/heavenvoice/Desktop/clone/functions/node_modules/firebase-functions/lib/index.js\"}"}}
[debug] [2021-03-30T08:16:08.554Z] [runtime-status] [30976] firebase-admin has been stubbed. {"adminResolution":{"declared":true,"installed":true,"version":"9.5.0","resolution":"/Users/heavenvoice/Desktop/clone/functions/node_modules/firebase-admin/lib/index.js"}} {"metadata":{"emulator":{"name":"functions"},"function":{"name":"api"},"message":"[runtime-status] [30976] firebase-admin has been stubbed. {\"adminResolution\":{\"declared\":true,\"installed\":true,\"version\":\"9.5.0\",\"resolution\":\"/Users/heavenvoice/Desktop/clone/functions/node_modules/firebase-admin/lib/index.js\"}}"}}
[debug] [2021-03-30T08:16:08.901Z] [runtime-status] [30976] Trigger "api" has been found, beginning invocation! {"metadata":{"emulator":{"name":"functions"},"function":{"name":"api"},"message":"[runtime-status] [30976] Trigger \"api\" has been found, beginning invocation!"}}
[info] i  functions: Beginning execution of "api" {"metadata":{"emulator":{"name":"functions"},"function":{"name":"api"},"message":"Beginning execution of \"api\""}}
[debug] [2021-03-30T08:16:08.902Z] [runtime-status] [30976] triggerDefinition {"httpsTrigger":{},"name":"api","entryPoint":"api"} {"metadata":{"emulator":{"name":"functions"},"function":{"name":"api"},"message":"[runtime-status] [30976] triggerDefinition {\"httpsTrigger\":{},\"name\":\"api\",\"entryPoint\":\"api\"}"}}
[debug] [2021-03-30T08:16:08.903Z] [runtime-status] [30976] Running api in mode HTTPS {"metadata":{"emulator":{"name":"functions"},"function":{"name":"api"},"message":"[runtime-status] [30976] Running api in mode HTTPS"}}
[debug] [2021-03-30T08:16:08.914Z] [runtime-status] [30976] Attempting to listen to socketPath: /var/folders/bg/ymlsh58n12sf956fvps20p580000gp/T/fire_emu_30976.sock {"metadata":{"emulator":{"name":"functions"},"function":{"name":"api"},"message":"[runtime-status] [30976] Attempting to listen to socketPath: /var/folders/bg/ymlsh58n12sf956fvps20p580000gp/T/fire_emu_30976.sock"}}
[debug] [2021-03-30T08:16:08.921Z] [functions] Runtime ready! Sending request! {"metadata":{"emulator":{"name":"functions"},"message":"[functions] Runtime ready! Sending request!"}}
[debug] [2021-03-30T08:16:08.923Z] [functions] Got req.url=/clone-bc826/us-central1/api/payments/create?total=149500, mapping to path=/payments/create?total=149500 {"metadata":{"emulator":{"name":"functions"},"message":"[functions] Got req.url=/clone-bc826/us-central1/api/payments/create?total=149500, mapping to path=/payments/create?total=149500"}}
[debug] [2021-03-30T08:16:08.963Z] [runtime-status] [30976] Ephemeral server handling POST request {"metadata":{"emulator":{"name":"functions"},"function":{"name":"api"},"message":"[runtime-status] [30976] Ephemeral server handling POST request"}}
[info] >  Payment Requset Recived!!==>  149500 {"user":"Payment Requset Recived!!==>  149500","metadata":{"emulator":{"name":"functions"},"function":{"name":"api"},"message":"\u001b[90m> \u001b[39m Payment Requset Recived!!==>  149500"}}
[debug] [2021-03-30T08:16:09.002Z] [runtime-status] [30976] Ephemeral server survived. {"metadata":{"emulator":{"name":"functions"},"function":{"name":"api"},"message":"[runtime-status] [30976] Ephemeral server survived."}}
[info] i  functions: Finished "api" in ~1s {"metadata":{"emulator":{"name":"functions"},"function":{"name":"api"},"message":"Finished \"api\" in ~1s"}}
[debug] [2021-03-30T08:16:09.616Z] [worker-api-952800a5-ba35-41b7-993c-23ef07214acd]: IDLE {"metadata":{"emulator":{"name":"functions"},"message":"[worker-api-952800a5-ba35-41b7-993c-23ef07214acd]: IDLE"}}
[debug] [2021-03-30T08:16:09.616Z] [work-queue] {"queueLength":0,"workRunningCount":0}
[debug] [2021-03-30T08:16:26.847Z] [work-queue] {"queueLength":1,"workRunningCount":0}
[debug] [2021-03-30T08:16:26.847Z] [work-queue] {"queueLength":0,"workRunningCount":1}
[debug] [2021-03-30T08:16:26.848Z] Accepted request POST /clone-bc826/us-central1/api/payments/create?total=0 --> api
[debug] [2021-03-30T08:16:26.848Z] [worker-pool] submitWork(triggerId=api) {"metadata":{"emulator":{"name":"functions"},"message":"[worker-pool] submitWork(triggerId=api)"}}
[debug] [2021-03-30T08:16:26.848Z] [worker-api-952800a5-ba35-41b7-993c-23ef07214acd]: Assigning socketPath: /var/folders/bg/ymlsh58n12sf956fvps20p580000gp/T/fire_emu_30976.sock {"metadata":{"emulator":{"name":"functions"},"message":"[worker-api-952800a5-ba35-41b7-993c-23ef07214acd]: Assigning socketPath: /var/folders/bg/ymlsh58n12sf956fvps20p580000gp/T/fire_emu_30976.sock"}}
[debug] [2021-03-30T08:16:26.848Z] [worker-api-952800a5-ba35-41b7-993c-23ef07214acd]: BUSY {"metadata":{"emulator":{"name":"functions"},"message":"[worker-api-952800a5-ba35-41b7-993c-23ef07214acd]: BUSY"}}
[debug] [2021-03-30T08:16:26.863Z] [runtime-status] [30976] Trigger "api" has been found, beginning invocation! {"metadata":{"emulator":{"name":"functions"},"function":{"name":"api"},"message":"[runtime-status] [30976] Trigger \"api\" has been found, beginning invocation!"}}
[info] i  functions: Beginning execution of "api" {"metadata":{"emulator":{"name":"functions"},"function":{"name":"api"},"message":"Beginning execution of \"api\""}}
[debug] [2021-03-30T08:16:26.864Z] [runtime-status] [30976] triggerDefinition {"httpsTrigger":{},"name":"api","entryPoint":"api"} {"metadata":{"emulator":{"name":"functions"},"function":{"name":"api"},"message":"[runtime-status] [30976] triggerDefinition {\"httpsTrigger\":{},\"name\":\"api\",\"entryPoint\":\"api\"}"}}
[debug] [2021-03-30T08:16:26.864Z] [runtime-status] [30976] Running api in mode HTTPS {"metadata":{"emulator":{"name":"functions"},"function":{"name":"api"},"message":"[runtime-status] [30976] Running api in mode HTTPS"}}
[debug] [2021-03-30T08:16:26.864Z] [runtime-status] [30976] Attempting to listen to socketPath: /var/folders/bg/ymlsh58n12sf956fvps20p580000gp/T/fire_emu_30976.sock {"metadata":{"emulator":{"name":"functions"},"function":{"name":"api"},"message":"[runtime-status] [30976] Attempting to listen to socketPath: /var/folders/bg/ymlsh58n12sf956fvps20p580000gp/T/fire_emu_30976.sock"}}
[debug] [2021-03-30T08:16:26.866Z] [functions] Runtime ready! Sending request! {"metadata":{"emulator":{"name":"functions"},"message":"[functions] Runtime ready! Sending request!"}}
[debug] [2021-03-30T08:16:26.866Z] [functions] Got req.url=/clone-bc826/us-central1/api/payments/create?total=0, mapping to path=/payments/create?total=0 {"metadata":{"emulator":{"name":"functions"},"message":"[functions] Got req.url=/clone-bc826/us-central1/api/payments/create?total=0, mapping to path=/payments/create?total=0"}}
[debug] [2021-03-30T08:16:26.881Z] [runtime-status] [30976] Ephemeral server handling POST request {"metadata":{"emulator":{"name":"functions"},"function":{"name":"api"},"message":"[runtime-status] [30976] Ephemeral server handling POST request"}}
[info] >  Payment Requset Recived!!==>  0 {"user":"Payment Requset Recived!!==>  0","metadata":{"emulator":{"name":"functions"},"function":{"name":"api"},"message":"\u001b[90m> \u001b[39m Payment Requset Recived!!==>  0"}}
[debug] [2021-03-30T08:16:26.882Z] [runtime-status] [30976] Ephemeral server survived. {"metadata":{"emulator":{"name":"functions"},"function":{"name":"api"},"message":"[runtime-status] [30976] Ephemeral server survived."}}
[info] >  (node:30976) UnhandledPromiseRejectionWarning: Error: This value must be greater than or equal to 1. {"user":"(node:30976) UnhandledPromiseRejectionWarning: Error: This value must be greater than or equal to 1.","metadata":{"emulator":{"name":"functions"},"function":{"name":"api"},"message":"\u001b[90m> \u001b[39m (node:30976) UnhandledPromiseRejectionWarning: Error: This value must be greater than or equal to 1."}}
[info] >      at Function.generate (/Users/heavenvoice/Desktop/clone/functions/node_modules/stripe/lib/Error.js:40:16) {"user":"    at Function.generate (/Users/heavenvoice/Desktop/clone/functions/node_modules/stripe/lib/Error.js:40:16)","metadata":{"emulator":{"name":"functions"},"function":{"name":"api"},"message":"\u001b[90m> \u001b[39m     at Function.generate (/Users/heavenvoice/Desktop/clone/functions/node_modules/stripe/lib/Error.js:40:16)"}}
[info] >      at IncomingMessage.<anonymous> (/Users/heavenvoice/Desktop/clone/functions/node_modules/stripe/lib/StripeResource.js:180:33) {"user":"    at IncomingMessage.<anonymous> (/Users/heavenvoice/Desktop/clone/functions/node_modules/stripe/lib/StripeResource.js:180:33)","metadata":{"emulator":{"name":"functions"},"function":{"name":"api"},"message":"\u001b[90m> \u001b[39m     at IncomingMessage.<anonymous> (/Users/heavenvoice/Desktop/clone/functions/node_modules/stripe/lib/StripeResource.js:180:33)"}}
[info] >      at Object.onceWrapper (events.js:416:28) {"user":"    at Object.onceWrapper (events.js:416:28)","metadata":{"emulator":{"name":"functions"},"function":{"name":"api"},"message":"\u001b[90m> \u001b[39m     at Object.onceWrapper (events.js:416:28)"}}
[info] >      at IncomingMessage.emit (events.js:322:22) {"user":"    at IncomingMessage.emit (events.js:322:22)","metadata":{"emulator":{"name":"functions"},"function":{"name":"api"},"message":"\u001b[90m> \u001b[39m     at IncomingMessage.emit (events.js:322:22)"}}
[info] >      at endReadableNT (_stream_readable.js:1187:12) {"user":"    at endReadableNT (_stream_readable.js:1187:12)","metadata":{"emulator":{"name":"functions"},"function":{"name":"api"},"message":"\u001b[90m> \u001b[39m     at endReadableNT (_stream_readable.js:1187:12)"}}
[info] >      at processTicksAndRejections (internal/process/task_queues.js:84:21) {"user":"    at processTicksAndRejections (internal/process/task_queues.js:84:21)","metadata":{"emulator":{"name":"functions"},"function":{"name":"api"},"message":"\u001b[90m> \u001b[39m     at processTicksAndRejections (internal/process/task_queues.js:84:21)"}}
[info] >  (node:30976) UnhandledPromiseRejectionWarning: Unhandled promise rejection. This error originated either by throwing inside of an async function without a catch block, or by rejecting a promise which was not handled with .catch(). To terminate the node process on unhandled promise rejection, use the CLI flag `--unhandled-rejections=strict` (see https://nodejs.org/api/cli.html#cli_unhandled_rejections_mode). (rejection id: 1) {"user":"(node:30976) UnhandledPromiseRejectionWarning: Unhandled promise rejection. This error originated either by throwing inside of an async function without a catch block, or by rejecting a promise which was not handled with .catch(). To terminate the node process on unhandled promise rejection, use the CLI flag `--unhandled-rejections=strict` (see https://nodejs.org/api/cli.html#cli_unhandled_rejections_mode). (rejection id: 1)","metadata":{"emulator":{"name":"functions"},"function":{"name":"api"},"message":"\u001b[90m> \u001b[39m (node:30976) UnhandledPromiseRejectionWarning: Unhandled promise rejection. This error originated either by throwing inside of an async function without a catch block, or by rejecting a promise which was not handled with .catch(). To terminate the node process on unhandled promise rejection, use the CLI flag `--unhandled-rejections=strict` (see https://nodejs.org/api/cli.html#cli_unhandled_rejections_mode). (rejection id: 1)"}}
[info] >  (node:30976) [DEP0018] DeprecationWarning: Unhandled promise rejections are deprecated. In the future, promise rejections that are not handled will terminate the Node.js process with a non-zero exit code. {"user":"(node:30976) [DEP0018] DeprecationWarning: Unhandled promise rejections are deprecated. In the future, promise rejections that are not handled will terminate the Node.js process with a non-zero exit code.","metadata":{"emulator":{"name":"functions"},"function":{"name":"api"},"message":"\u001b[90m> \u001b[39m (node:30976) [DEP0018] DeprecationWarning: Unhandled promise rejections are deprecated. In the future, promise rejections that are not handled will terminate the Node.js process with a non-zero exit code."}}
[warn] ⚠  functions: Your function timed out after ~60s. To configure this timeout, see
      https://firebase.google.com/docs/functions/manage-functions#set_timeout_and_memory_allocation. {"metadata":{"emulator":{"name":"functions"},"function":{"name":"api"},"message":"Your function timed out after ~60s. To configure this timeout, see\n      https://firebase.google.com/docs/functions/manage-functions#set_timeout_and_memory_allocation."}}
[info] >  /usr/local/lib/node_modules/firebase-tools/lib/emulator/functionsEmulatorRuntime.js:642 {"user":"/usr/local/lib/node_modules/firebase-tools/lib/emulator/functionsEmulatorRuntime.js:642","metadata":{"emulator":{"name":"functions"},"function":{"name":"api"},"message":"\u001b[90m> \u001b[39m /usr/local/lib/node_modules/firebase-tools/lib/emulator/functionsEmulatorRuntime.js:642"}}
[info] >              throw new Error("Function timed out."); {"user":"            throw new Error(\"Function timed out.\");","metadata":{"emulator":{"name":"functions"},"function":{"name":"api"},"message":"\u001b[90m> \u001b[39m             throw new Error(\"Function timed out.\");"}}
[info] >              ^ {"user":"            ^","metadata":{"emulator":{"name":"functions"},"function":{"name":"api"},"message":"\u001b[90m> \u001b[39m             ^"}}
[info] >   {"user":"","metadata":{"emulator":{"name":"functions"},"function":{"name":"api"},"message":"\u001b[90m> \u001b[39m "}}
[info] >  Error: Function timed out. {"user":"Error: Function timed out.","metadata":{"emulator":{"name":"functions"},"function":{"name":"api"},"message":"\u001b[90m> \u001b[39m Error: Function timed out."}}
[info] >      at Timeout._onTimeout (/usr/local/lib/node_modules/firebase-tools/lib/emulator/functionsEmulatorRuntime.js:642:19) {"user":"    at Timeout._onTimeout (/usr/local/lib/node_modules/firebase-tools/lib/emulator/functionsEmulatorRuntime.js:642:19)","metadata":{"emulator":{"name":"functions"},"function":{"name":"api"},"message":"\u001b[90m> \u001b[39m     at Timeout._onTimeout (/usr/local/lib/node_modules/firebase-tools/lib/emulator/functionsEmulatorRuntime.js:642:19)"}}
[info] >      at listOnTimeout (internal/timers.js:549:17) {"user":"    at listOnTimeout (internal/timers.js:549:17)","metadata":{"emulator":{"name":"functions"},"function":{"name":"api"},"message":"\u001b[90m> \u001b[39m     at listOnTimeout (internal/timers.js:549:17)"}}
[info] >      at processTimers (internal/timers.js:492:7) {"user":"    at processTimers (internal/timers.js:492:7)","metadata":{"emulator":{"name":"functions"},"function":{"name":"api"},"message":"\u001b[90m> \u001b[39m     at processTimers (internal/timers.js:492:7)"}}
[debug] [2021-03-30T08:17:26.879Z] [worker-api-952800a5-ba35-41b7-993c-23ef07214acd]: exited {"metadata":{"emulator":{"name":"functions"},"message":"[worker-api-952800a5-ba35-41b7-993c-23ef07214acd]: exited"}}
[debug] [2021-03-30T08:17:26.880Z] [worker-api-952800a5-ba35-41b7-993c-23ef07214acd]: FINISHED {"metadata":{"emulator":{"name":"functions"},"message":"[worker-api-952800a5-ba35-41b7-993c-23ef07214acd]: FINISHED"}}
[debug] [2021-03-30T08:17:26.880Z] [work-queue] {"queueLength":0,"workRunningCount":0}
